{"/Users/light/Desktop/projects/frontend-mentors/product-list-with-cart/src/data.ts": {"path":"/Users/light/Desktop/projects/frontend-mentors/product-list-with-cart/src/data.ts","statementMap":{"0":{"start":{"line":4,"column":17},"end":{"line":17,"column":null}},"1":{"start":{"line":19,"column":0},"end":{"line":21,"column":null}},"2":{"start":{"line":20,"column":2},"end":{"line":20,"column":null}}},"fnMap":{},"branchMap":{},"s":{"0":0,"1":0,"2":0},"f":{},"b":{}}
,"/Users/light/Desktop/projects/frontend-mentors/product-list-with-cart/src/components/Cart.tsx": {"path":"/Users/light/Desktop/projects/frontend-mentors/product-list-with-cart/src/components/Cart.tsx","statementMap":{"0":{"start":{"line":11,"column":15},"end":{"line":11,"column":null}},"1":{"start":{"line":12,"column":32},"end":{"line":12,"column":null}},"2":{"start":{"line":13,"column":15},"end":{"line":13,"column":null}},"3":{"start":{"line":13,"column":33},"end":{"line":13,"column":70}},"4":{"start":{"line":15,"column":2},"end":{"line":18,"column":null}},"5":{"start":{"line":16,"column":4},"end":{"line":16,"column":null}},"6":{"start":{"line":16,"column":18},"end":{"line":16,"column":null}},"7":{"start":{"line":17,"column":4},"end":{"line":17,"column":null}},"8":{"start":{"line":20,"column":2},"end":{"line":49,"column":null}}},"fnMap":{"0":{"name":"Cart","decl":{"start":{"line":10,"column":24},"end":{"line":10,"column":31}},"loc":{"start":{"line":10,"column":31},"end":{"line":51,"column":null}}},"1":{"name":"(anonymous_1)","decl":{"start":{"line":13,"column":26},"end":{"line":13,"column":33}},"loc":{"start":{"line":13,"column":33},"end":{"line":13,"column":70}}},"2":{"name":"(anonymous_2)","decl":{"start":{"line":15,"column":10},"end":{"line":15,"column":16}},"loc":{"start":{"line":15,"column":16},"end":{"line":18,"column":3}}}},"branchMap":{"0":{"loc":{"start":{"line":13,"column":33},"end":{"line":13,"column":70}},"type":"cond-expr","locations":[{"start":{"line":13,"column":45},"end":{"line":13,"column":67}},{"start":{"line":13,"column":67},"end":{"line":13,"column":70}}]},"1":{"loc":{"start":{"line":16,"column":4},"end":{"line":16,"column":null}},"type":"if","locations":[{"start":{"line":16,"column":4},"end":{"line":16,"column":null}},{"start":{},"end":{}}]}},"s":{"0":0,"1":0,"2":0,"3":0,"4":0,"5":0,"6":0,"7":0,"8":0},"f":{"0":0,"1":0,"2":0},"b":{"0":[0,0],"1":[0,0]}}
,"/Users/light/Desktop/projects/frontend-mentors/product-list-with-cart/src/components/CartListing.tsx": {"path":"/Users/light/Desktop/projects/frontend-mentors/product-list-with-cart/src/components/CartListing.tsx","statementMap":{"0":{"start":{"line":9,"column":15},"end":{"line":9,"column":null}},"1":{"start":{"line":10,"column":32},"end":{"line":10,"column":null}},"2":{"start":{"line":11,"column":15},"end":{"line":11,"column":null}},"3":{"start":{"line":11,"column":33},"end":{"line":11,"column":70}},"4":{"start":{"line":13,"column":2},"end":{"line":16,"column":null}},"5":{"start":{"line":14,"column":4},"end":{"line":14,"column":null}},"6":{"start":{"line":14,"column":18},"end":{"line":14,"column":null}},"7":{"start":{"line":15,"column":4},"end":{"line":15,"column":null}},"8":{"start":{"line":18,"column":2},"end":{"line":52,"column":null}},"9":{"start":{"line":22,"column":10},"end":{"line":49,"column":null}},"10":{"start":{"line":44,"column":31},"end":{"line":44,"column":null}}},"fnMap":{"0":{"name":"CartListing","decl":{"start":{"line":8,"column":24},"end":{"line":8,"column":38}},"loc":{"start":{"line":8,"column":38},"end":{"line":54,"column":null}}},"1":{"name":"(anonymous_1)","decl":{"start":{"line":11,"column":26},"end":{"line":11,"column":33}},"loc":{"start":{"line":11,"column":33},"end":{"line":11,"column":70}}},"2":{"name":"(anonymous_2)","decl":{"start":{"line":13,"column":10},"end":{"line":13,"column":16}},"loc":{"start":{"line":13,"column":16},"end":{"line":16,"column":3}}},"3":{"name":"(anonymous_3)","decl":{"start":{"line":21,"column":9},"end":{"line":21,"column":10}},"loc":{"start":{"line":22,"column":10},"end":{"line":49,"column":null}}},"4":{"name":"(anonymous_4)","decl":{"start":{"line":44,"column":25},"end":{"line":44,"column":31}},"loc":{"start":{"line":44,"column":31},"end":{"line":44,"column":null}}}},"branchMap":{"0":{"loc":{"start":{"line":11,"column":33},"end":{"line":11,"column":70}},"type":"cond-expr","locations":[{"start":{"line":11,"column":45},"end":{"line":11,"column":67}},{"start":{"line":11,"column":67},"end":{"line":11,"column":70}}]},"1":{"loc":{"start":{"line":14,"column":4},"end":{"line":14,"column":null}},"type":"if","locations":[{"start":{"line":14,"column":4},"end":{"line":14,"column":null}},{"start":{},"end":{}}]}},"s":{"0":0,"1":0,"2":0,"3":0,"4":0,"5":0,"6":0,"7":0,"8":0,"9":0,"10":0},"f":{"0":0,"1":0,"2":0,"3":0,"4":0},"b":{"0":[0,0],"1":[0,0]}}
,"/Users/light/Desktop/projects/frontend-mentors/product-list-with-cart/src/components/CartTotal.tsx": {"path":"/Users/light/Desktop/projects/frontend-mentors/product-list-with-cart/src/components/CartTotal.tsx","statementMap":{"0":{"start":{"line":8,"column":15},"end":{"line":8,"column":null}},"1":{"start":{"line":9,"column":32},"end":{"line":9,"column":null}},"2":{"start":{"line":10,"column":15},"end":{"line":10,"column":null}},"3":{"start":{"line":10,"column":33},"end":{"line":10,"column":70}},"4":{"start":{"line":12,"column":2},"end":{"line":15,"column":null}},"5":{"start":{"line":13,"column":4},"end":{"line":13,"column":null}},"6":{"start":{"line":13,"column":18},"end":{"line":13,"column":null}},"7":{"start":{"line":14,"column":4},"end":{"line":14,"column":null}},"8":{"start":{"line":17,"column":2},"end":{"line":27,"column":null}},"9":{"start":{"line":23,"column":22},"end":{"line":23,"column":57}},"10":{"start":{"line":24,"column":32},"end":{"line":24,"column":43}}},"fnMap":{"0":{"name":"CartTotal","decl":{"start":{"line":7,"column":24},"end":{"line":7,"column":36}},"loc":{"start":{"line":7,"column":36},"end":{"line":29,"column":null}}},"1":{"name":"(anonymous_1)","decl":{"start":{"line":10,"column":26},"end":{"line":10,"column":33}},"loc":{"start":{"line":10,"column":33},"end":{"line":10,"column":70}}},"2":{"name":"(anonymous_2)","decl":{"start":{"line":12,"column":10},"end":{"line":12,"column":16}},"loc":{"start":{"line":12,"column":16},"end":{"line":15,"column":3}}},"3":{"name":"(anonymous_3)","decl":{"start":{"line":23,"column":15},"end":{"line":23,"column":16}},"loc":{"start":{"line":23,"column":22},"end":{"line":23,"column":57}}},"4":{"name":"(anonymous_4)","decl":{"start":{"line":24,"column":18},"end":{"line":24,"column":19}},"loc":{"start":{"line":24,"column":32},"end":{"line":24,"column":43}}}},"branchMap":{"0":{"loc":{"start":{"line":10,"column":33},"end":{"line":10,"column":70}},"type":"cond-expr","locations":[{"start":{"line":10,"column":45},"end":{"line":10,"column":67}},{"start":{"line":10,"column":67},"end":{"line":10,"column":70}}]},"1":{"loc":{"start":{"line":13,"column":4},"end":{"line":13,"column":null}},"type":"if","locations":[{"start":{"line":13,"column":4},"end":{"line":13,"column":null}},{"start":{},"end":{}}]}},"s":{"0":0,"1":0,"2":0,"3":0,"4":0,"5":0,"6":0,"7":0,"8":0,"9":0,"10":0},"f":{"0":0,"1":0,"2":0,"3":0,"4":0},"b":{"0":[0,0],"1":[0,0]}}
,"/Users/light/Desktop/projects/frontend-mentors/product-list-with-cart/src/components/DessertsTab.tsx": {"path":"/Users/light/Desktop/projects/frontend-mentors/product-list-with-cart/src/components/DessertsTab.tsx","statementMap":{"0":{"start":{"line":9,"column":35},"end":{"line":101,"column":null}},"1":{"start":{"line":21,"column":15},"end":{"line":21,"column":null}},"2":{"start":{"line":22,"column":32},"end":{"line":22,"column":null}},"3":{"start":{"line":23,"column":13},"end":{"line":23,"column":null}},"4":{"start":{"line":26,"column":4},"end":{"line":33,"column":null}},"5":{"start":{"line":28,"column":8},"end":{"line":28,"column":null}},"6":{"start":{"line":29,"column":8},"end":{"line":29,"column":null}},"7":{"start":{"line":31,"column":8},"end":{"line":31,"column":null}},"8":{"start":{"line":32,"column":8},"end":{"line":32,"column":null}},"9":{"start":{"line":36,"column":2},"end":{"line":40,"column":null}},"10":{"start":{"line":37,"column":4},"end":{"line":37,"column":null}},"11":{"start":{"line":37,"column":18},"end":{"line":37,"column":null}},"12":{"start":{"line":38,"column":4},"end":{"line":38,"column":null}},"13":{"start":{"line":39,"column":4},"end":{"line":39,"column":null}},"14":{"start":{"line":42,"column":2},"end":{"line":45,"column":null}},"15":{"start":{"line":43,"column":4},"end":{"line":43,"column":null}},"16":{"start":{"line":43,"column":18},"end":{"line":43,"column":null}},"17":{"start":{"line":44,"column":4},"end":{"line":44,"column":null}},"18":{"start":{"line":47,"column":2},"end":{"line":55,"column":null}},"19":{"start":{"line":47,"column":2},"end":{"line":47,"column":null}},"20":{"start":{"line":48,"column":62},"end":{"line":48,"column":71}},"21":{"start":{"line":48,"column":71},"end":{"line":48,"column":null}},"22":{"start":{"line":48,"column":71},"end":{"line":87,"column":null}},"23":{"start":{"line":60,"column":15},"end":{"line":87,"column":null}},"24":{"start":{"line":61,"column":21},"end":{"line":61,"column":48}},"25":{"start":{"line":61,"column":23},"end":{"line":61,"column":32}},"26":{"start":{"line":61,"column":48},"end":{"line":61,"column":null}},"27":{"start":{"line":61,"column":48},"end":{"line":66,"column":48}},"28":{"start":{"line":66,"column":31},"end":{"line":66,"column":48}},"29":{"start":{"line":66,"column":48},"end":{"line":68,"column":null}},"30":{"start":{"line":68,"column":30},"end":{"line":71,"column":null}},"31":{"start":{"line":71,"column":59},"end":{"line":71,"column":69}},"32":{"start":{"line":71,"column":69},"end":{"line":76,"column":47}},"33":{"start":{"line":76,"column":31},"end":{"line":76,"column":47}},"34":{"start":{"line":76,"column":47},"end":{"line":78,"column":null}},"35":{"start":{"line":78,"column":30},"end":{"line":78,"column":null}},"36":{"start":{"line":82,"column":21},"end":{"line":82,"column":51}},"37":{"start":{"line":82,"column":23},"end":{"line":82,"column":32}},"38":{"start":{"line":82,"column":51},"end":{"line":82,"column":null}},"39":{"start":{"line":82,"column":51},"end":{"line":85,"column":45}},"40":{"start":{"line":85,"column":29},"end":{"line":85,"column":45}},"41":{"start":{"line":85,"column":45},"end":{"line":87,"column":null}},"42":{"start":{"line":87,"column":28},"end":{"line":87,"column":null}},"43":{"start":{"line":87,"column":28},"end":{"line":95,"column":null}},"44":{"start":{"line":95,"column":51},"end":{"line":95,"column":65}},"45":{"start":{"line":95,"column":65},"end":{"line":96,"column":null}},"46":{"start":{"line":96,"column":34},"end":{"line":96,"column":44}},"47":{"start":{"line":96,"column":44},"end":{"line":97,"column":null}},"48":{"start":{"line":97,"column":47},"end":{"line":97,"column":69}},"49":{"start":{"line":97,"column":69},"end":{"line":55,"column":null}},"50":{"start":{"line":51,"column":26},"end":{"line":51,"column":45}},"51":{"start":{"line":52,"column":26},"end":{"line":52,"column":44}},"52":{"start":{"line":54,"column":17},"end":{"line":54,"column":35}},"53":{"start":{"line":55,"column":17},"end":{"line":55,"column":27}},"54":{"start":{"line":55,"column":27},"end":{"line":55,"column":null}},"55":{"start":{"line":101,"column":1},"end":{"line":101,"column":null}}},"fnMap":{"0":{"name":"DessertsTab2","decl":{"start":{"line":9,"column":24},"end":{"line":9,"column":35}},"loc":{"start":{"line":18,"column":3},"end":{"line":101,"column":1}}},"1":{"name":"keyboardHandler","decl":{"start":{"line":25,"column":11},"end":{"line":25,"column":27}},"loc":{"start":{"line":25,"column":45},"end":{"line":34,"column":null}}},"2":{"name":"(anonymous_2)","decl":{"start":{"line":36,"column":10},"end":{"line":36,"column":16}},"loc":{"start":{"line":36,"column":16},"end":{"line":40,"column":3}}},"3":{"name":"(anonymous_3)","decl":{"start":{"line":42,"column":12},"end":{"line":42,"column":18}},"loc":{"start":{"line":42,"column":18},"end":{"line":45,"column":3}}},"4":{"name":"(anonymous_4)","decl":{"start":{"line":47,"column":2},"end":{"line":47,"column":null}},"loc":{"start":{"line":47,"column":2},"end":{"line":55,"column":null}}},"5":{"name":"(anonymous_5)","decl":{"start":{"line":60,"column":15},"end":{"line":60,"column":null}},"loc":{"start":{"line":60,"column":15},"end":{"line":87,"column":null}}},"6":{"name":"(anonymous_6)","decl":{"start":{"line":61,"column":16},"end":{"line":61,"column":17}},"loc":{"start":{"line":61,"column":21},"end":{"line":61,"column":null}}},"7":{"name":"(anonymous_7)","decl":{"start":{"line":61,"column":23},"end":{"line":61,"column":31}},"loc":{"start":{"line":61,"column":23},"end":{"line":61,"column":32}}},"8":{"name":"(anonymous_8)","decl":{"start":{"line":61,"column":48},"end":{"line":61,"column":null}},"loc":{"start":{"line":61,"column":48},"end":{"line":78,"column":null}}},"9":{"name":"(anonymous_9)","decl":{"start":{"line":66,"column":25},"end":{"line":66,"column":31}},"loc":{"start":{"line":66,"column":31},"end":{"line":66,"column":48}}},"10":{"name":"(anonymous_10)","decl":{"start":{"line":68,"column":30},"end":{"line":68,"column":null}},"loc":{"start":{"line":71,"column":59},"end":{"line":71,"column":69}}},"11":{"name":"(anonymous_11)","decl":{"start":{"line":76,"column":25},"end":{"line":76,"column":31}},"loc":{"start":{"line":76,"column":31},"end":{"line":76,"column":47}}},"12":{"name":"(anonymous_12)","decl":{"start":{"line":82,"column":16},"end":{"line":82,"column":17}},"loc":{"start":{"line":82,"column":21},"end":{"line":82,"column":null}}},"13":{"name":"(anonymous_13)","decl":{"start":{"line":82,"column":23},"end":{"line":82,"column":31}},"loc":{"start":{"line":82,"column":23},"end":{"line":82,"column":32}}},"14":{"name":"(anonymous_14)","decl":{"start":{"line":82,"column":51},"end":{"line":82,"column":null}},"loc":{"start":{"line":82,"column":51},"end":{"line":87,"column":null}}},"15":{"name":"(anonymous_15)","decl":{"start":{"line":85,"column":23},"end":{"line":85,"column":29}},"loc":{"start":{"line":85,"column":29},"end":{"line":85,"column":45}}},"16":{"name":"(anonymous_16)","decl":{"start":{"line":87,"column":28},"end":{"line":87,"column":null}},"loc":{"start":{"line":95,"column":51},"end":{"line":95,"column":65}}},"17":{"name":"(anonymous_17)","decl":{"start":{"line":95,"column":65},"end":{"line":95,"column":null}},"loc":{"start":{"line":96,"column":34},"end":{"line":96,"column":44}}},"18":{"name":"(anonymous_18)","decl":{"start":{"line":96,"column":44},"end":{"line":96,"column":null}},"loc":{"start":{"line":97,"column":47},"end":{"line":97,"column":69}}},"19":{"name":"(anonymous_19)","decl":{"start":{"line":97,"column":69},"end":{"line":97,"column":null}},"loc":{"start":{"line":97,"column":69},"end":{"line":55,"column":null}}}},"branchMap":{"0":{"loc":{"start":{"line":26,"column":4},"end":{"line":33,"column":null}},"type":"switch","locations":[{"start":{"line":27,"column":6},"end":{"line":29,"column":null}},{"start":{"line":30,"column":6},"end":{"line":32,"column":null}}]},"1":{"loc":{"start":{"line":37,"column":4},"end":{"line":37,"column":null}},"type":"if","locations":[{"start":{"line":37,"column":4},"end":{"line":37,"column":null}},{"start":{},"end":{}}]},"2":{"loc":{"start":{"line":43,"column":4},"end":{"line":43,"column":null}},"type":"if","locations":[{"start":{"line":43,"column":4},"end":{"line":43,"column":null}},{"start":{},"end":{}}]},"3":{"loc":{"start":{"line":48,"column":71},"end":{"line":48,"column":null}},"type":"cond-expr","locations":[{"start":{"line":48,"column":71},"end":{"line":48,"column":null}},{"start":{"line":48,"column":62},"end":{"line":48,"column":null}}]},"4":{"loc":{"start":{"line":61,"column":23},"end":{"line":61,"column":48}},"type":"binary-expr","locations":[{"start":{"line":61,"column":23},"end":{"line":61,"column":36}},{"start":{"line":61,"column":36},"end":{"line":61,"column":48}}]},"5":{"loc":{"start":{"line":82,"column":23},"end":{"line":82,"column":51}},"type":"binary-expr","locations":[{"start":{"line":82,"column":23},"end":{"line":82,"column":36}},{"start":{"line":82,"column":36},"end":{"line":82,"column":51}}]},"6":{"loc":{"start":{"line":55,"column":27},"end":{"line":55,"column":null}},"type":"binary-expr","locations":[{"start":{"line":55,"column":27},"end":{"line":55,"column":null}},{"start":{"line":55,"column":27},"end":{"line":55,"column":null}}]},"7":{"loc":{"start":{"line":101,"column":1},"end":{"line":101,"column":null}},"type":"if","locations":[{"start":{"line":101,"column":1},"end":{"line":101,"column":null}},{"start":{},"end":{}}]}},"s":{"0":1,"1":2,"2":2,"3":2,"4":0,"5":0,"6":0,"7":0,"8":0,"9":2,"10":2,"11":0,"12":2,"13":2,"14":2,"15":0,"16":0,"17":0,"18":2,"19":30,"20":2,"21":2,"22":2,"23":2,"24":6,"25":6,"26":8,"27":2,"28":1,"29":2,"30":2,"31":2,"32":2,"33":0,"34":2,"35":4,"36":4,"37":6,"38":8,"39":2,"40":1,"41":2,"42":4,"43":2,"44":2,"45":2,"46":2,"47":2,"48":2,"49":2,"50":2,"51":2,"52":2,"53":2,"54":12,"55":4},"f":{"0":2,"1":0,"2":2,"3":0,"4":2,"5":2,"6":6,"7":6,"8":2,"9":1,"10":2,"11":0,"12":4,"13":6,"14":2,"15":1,"16":2,"17":2,"18":2,"19":2},"b":{"0":[0,0],"1":[0,2],"2":[0,0],"3":[0,2],"4":[6,4],"5":[4,2],"6":[8,8],"7":[1,0]}}
,"/Users/light/Desktop/projects/frontend-mentors/product-list-with-cart/src/components/EmptyCart.tsx": {"path":"/Users/light/Desktop/projects/frontend-mentors/product-list-with-cart/src/components/EmptyCart.tsx","statementMap":{"0":{"start":{"line":4,"column":2},"end":{"line":10,"column":null}}},"fnMap":{"0":{"name":"EmptyCart","decl":{"start":{"line":3,"column":24},"end":{"line":3,"column":36}},"loc":{"start":{"line":3,"column":36},"end":{"line":12,"column":null}}}},"branchMap":{},"s":{"0":0},"f":{"0":0},"b":{}}
,"/Users/light/Desktop/projects/frontend-mentors/product-list-with-cart/src/components/icons/IconAddToCart.tsx": {"path":"/Users/light/Desktop/projects/frontend-mentors/product-list-with-cart/src/components/icons/IconAddToCart.tsx","statementMap":{"0":{"start":{"line":1,"column":37},"end":{"line":22,"column":null}},"1":{"start":{"line":2,"column":2},"end":{"line":2,"column":null}},"2":{"start":{"line":22,"column":1},"end":{"line":22,"column":null}}},"fnMap":{"0":{"name":"IconAddToCart2","decl":{"start":{"line":1,"column":24},"end":{"line":1,"column":37}},"loc":{"start":{"line":1,"column":40},"end":{"line":22,"column":1}}}},"branchMap":{"0":{"loc":{"start":{"line":22,"column":1},"end":{"line":22,"column":null}},"type":"if","locations":[{"start":{"line":22,"column":1},"end":{"line":22,"column":null}},{"start":{},"end":{}}]}},"s":{"0":1,"1":2,"2":3},"f":{"0":2},"b":{"0":[1,0]}}
,"/Users/light/Desktop/projects/frontend-mentors/product-list-with-cart/src/components/icons/IconCarbonNeutral.tsx": {"path":"/Users/light/Desktop/projects/frontend-mentors/product-list-with-cart/src/components/icons/IconCarbonNeutral.tsx","statementMap":{"0":{"start":{"line":2,"column":2},"end":{"line":18,"column":null}}},"fnMap":{"0":{"name":"IconCarbonNeutral","decl":{"start":{"line":1,"column":24},"end":{"line":1,"column":44}},"loc":{"start":{"line":1,"column":44},"end":{"line":20,"column":null}}}},"branchMap":{},"s":{"0":0},"f":{"0":0},"b":{}}
,"/Users/light/Desktop/projects/frontend-mentors/product-list-with-cart/src/components/icons/IconClose.tsx": {"path":"/Users/light/Desktop/projects/frontend-mentors/product-list-with-cart/src/components/icons/IconClose.tsx","statementMap":{"0":{"start":{"line":2,"column":2},"end":{"line":14,"column":null}}},"fnMap":{"0":{"name":"IconClose","decl":{"start":{"line":1,"column":24},"end":{"line":1,"column":36}},"loc":{"start":{"line":1,"column":36},"end":{"line":16,"column":null}}}},"branchMap":{},"s":{"0":0},"f":{"0":0},"b":{}}
,"/Users/light/Desktop/projects/frontend-mentors/product-list-with-cart/src/components/icons/IconDecrement.tsx": {"path":"/Users/light/Desktop/projects/frontend-mentors/product-list-with-cart/src/components/icons/IconDecrement.tsx","statementMap":{"0":{"start":{"line":1,"column":37},"end":{"line":32,"column":null}},"1":{"start":{"line":2,"column":2},"end":{"line":2,"column":null}},"2":{"start":{"line":32,"column":1},"end":{"line":32,"column":null}}},"fnMap":{"0":{"name":"IconDecrement2","decl":{"start":{"line":1,"column":24},"end":{"line":1,"column":37}},"loc":{"start":{"line":1,"column":40},"end":{"line":32,"column":1}}}},"branchMap":{"0":{"loc":{"start":{"line":32,"column":1},"end":{"line":32,"column":null}},"type":"if","locations":[{"start":{"line":32,"column":1},"end":{"line":32,"column":null}},{"start":{},"end":{}}]}},"s":{"0":1,"1":2,"2":3},"f":{"0":2},"b":{"0":[1,0]}}
,"/Users/light/Desktop/projects/frontend-mentors/product-list-with-cart/src/components/icons/IconIncrement.tsx": {"path":"/Users/light/Desktop/projects/frontend-mentors/product-list-with-cart/src/components/icons/IconIncrement.tsx","statementMap":{"0":{"start":{"line":1,"column":37},"end":{"line":36,"column":null}},"1":{"start":{"line":2,"column":2},"end":{"line":2,"column":null}},"2":{"start":{"line":36,"column":1},"end":{"line":36,"column":null}}},"fnMap":{"0":{"name":"IconIncrement2","decl":{"start":{"line":1,"column":24},"end":{"line":1,"column":37}},"loc":{"start":{"line":1,"column":40},"end":{"line":36,"column":1}}}},"branchMap":{"0":{"loc":{"start":{"line":36,"column":1},"end":{"line":36,"column":null}},"type":"if","locations":[{"start":{"line":36,"column":1},"end":{"line":36,"column":null}},{"start":{},"end":{}}]}},"s":{"0":1,"1":2,"2":3},"f":{"0":2},"b":{"0":[1,0]}}
,"/Users/light/Desktop/projects/frontend-mentors/product-list-with-cart/src/components/icons/IllustrationEmpty.tsx": {"path":"/Users/light/Desktop/projects/frontend-mentors/product-list-with-cart/src/components/icons/IllustrationEmpty.tsx","statementMap":{"0":{"start":{"line":2,"column":2},"end":{"line":57,"column":null}}},"fnMap":{"0":{"name":"IllustrationEmpty","decl":{"start":{"line":1,"column":24},"end":{"line":1,"column":44}},"loc":{"start":{"line":1,"column":44},"end":{"line":59,"column":null}}}},"branchMap":{},"s":{"0":0},"f":{"0":0},"b":{}}
,"/Users/light/Desktop/projects/frontend-mentors/product-list-with-cart/src/layouts/Layout.astro": {"path":"/Users/light/Desktop/projects/frontend-mentors/product-list-with-cart/src/layouts/Layout.astro","statementMap":{"0":{"start":{"line":1,"column":0},"end":{"line":1,"column":null}},"1":{"start":{"line":1,"column":0},"end":{"line":25,"column":null}}},"fnMap":{"0":{"name":"(anonymous_0)","decl":{"start":{"line":1,"column":0},"end":{"line":1,"column":null}},"loc":{"start":{"line":1,"column":0},"end":{"line":1,"column":null}}}},"branchMap":{},"s":{"0":0,"1":0},"f":{"0":0},"b":{}}
,"/Users/light/Desktop/projects/frontend-mentors/product-list-with-cart/src/pages/index.astro": {"path":"/Users/light/Desktop/projects/frontend-mentors/product-list-with-cart/src/pages/index.astro","statementMap":{"0":{"start":{"line":1,"column":0},"end":{"line":1,"column":null}},"1":{"start":{"line":1,"column":0},"end":{"line":18,"column":14}}},"fnMap":{"0":{"name":"(anonymous_0)","decl":{"start":{"line":1,"column":0},"end":{"line":1,"column":null}},"loc":{"start":{"line":1,"column":0},"end":{"line":1,"column":null}}},"1":{"name":"(anonymous_2)","decl":{"start":{"line":15,"column":20},"end":{"line":15,"column":21}},"loc":{"start":{"line":1,"column":0},"end":{"line":1,"column":null}}}},"branchMap":{},"s":{"0":0,"1":0},"f":{"0":0,"1":0},"b":{}}
,"/Users/light/Desktop/projects/frontend-mentors/product-list-with-cart/src/stores/cart.ts": {"path":"/Users/light/Desktop/projects/frontend-mentors/product-list-with-cart/src/stores/cart.ts","statementMap":{"0":{"start":{"line":3,"column":14},"end":{"line":7,"column":null}},"1":{"start":{"line":10,"column":14},"end":{"line":10,"column":null}},"2":{"start":{"line":11,"column":16},"end":{"line":11,"column":null}},"3":{"start":{"line":13,"column":2},"end":{"line":16,"column":null}},"4":{"start":{"line":14,"column":4},"end":{"line":14,"column":null}},"5":{"start":{"line":15,"column":4},"end":{"line":15,"column":null}},"6":{"start":{"line":18,"column":2},"end":{"line":18,"column":null}},"7":{"start":{"line":22,"column":2},"end":{"line":22,"column":null}},"8":{"start":{"line":26,"column":2},"end":{"line":26,"column":null}}},"fnMap":{"0":{"name":"addToCart","decl":{"start":{"line":9,"column":9},"end":{"line":9,"column":19}},"loc":{"start":{"line":9,"column":47},"end":{"line":19,"column":null}}},"1":{"name":"removeFromCart","decl":{"start":{"line":21,"column":9},"end":{"line":21,"column":24}},"loc":{"start":{"line":21,"column":36},"end":{"line":23,"column":null}}},"2":{"name":"normalize","decl":{"start":{"line":25,"column":9},"end":{"line":25,"column":19}},"loc":{"start":{"line":25,"column":33},"end":{"line":27,"column":null}}}},"branchMap":{"0":{"loc":{"start":{"line":10,"column":14},"end":{"line":10,"column":null}},"type":"cond-expr","locations":[{"start":{"line":10,"column":34},"end":{"line":10,"column":53}},{"start":{"line":10,"column":53},"end":{"line":10,"column":null}}]},"1":{"loc":{"start":{"line":13,"column":2},"end":{"line":16,"column":null}},"type":"if","locations":[{"start":{"line":13,"column":2},"end":{"line":16,"column":null}},{"start":{},"end":{}}]}},"s":{"0":1,"1":2,"2":2,"3":2,"4":1,"5":1,"6":1,"7":1,"8":3},"f":{"0":2,"1":1,"2":3},"b":{"0":[1,1],"1":[1,1]}}
}
