{"/Users/light/Desktop/projects/frontend-mentors/product-list-with-cart/src/data.ts": {"path":"/Users/light/Desktop/projects/frontend-mentors/product-list-with-cart/src/data.ts","statementMap":{"0":{"start":{"line":4,"column":17},"end":{"line":17,"column":null}},"1":{"start":{"line":19,"column":0},"end":{"line":21,"column":null}},"2":{"start":{"line":20,"column":2},"end":{"line":20,"column":null}}},"fnMap":{},"branchMap":{},"s":{"0":3,"1":3,"2":27},"f":{},"b":{}}
,"/Users/light/Desktop/projects/frontend-mentors/product-list-with-cart/src/components/AddToCartButton.vue": {"path":"/Users/light/Desktop/projects/frontend-mentors/product-list-with-cart/src/components/AddToCartButton.vue","statementMap":{"0":{"start":{"line":8,"column":2},"end":{"line":13,"column":55}},"1":{"start":{"line":10,"column":18},"end":{"line":10,"column":null}}},"fnMap":{"0":{"name":"(anonymous_3)","decl":{"start":{"line":10,"column":10},"end":{"line":10,"column":18}},"loc":{"start":{"line":10,"column":18},"end":{"line":10,"column":null}}}},"branchMap":{"0":{"loc":{"start":{"line":10,"column":10},"end":{"line":10,"column":null}},"type":"binary-expr","locations":[{"start":{"line":10,"column":10},"end":{"line":10,"column":18}},{"start":{"line":10,"column":10},"end":{"line":10,"column":null}}]},"1":{"loc":{"start":{"line":12,"column":21},"end":{"line":13,"column":55}},"type":"binary-expr","locations":[{"start":{"line":12,"column":21},"end":{"line":12,"column":null}},{"start":{"line":12,"column":21},"end":{"line":13,"column":55}}]}},"s":{"0":6,"1":1},"f":{"0":1},"b":{"0":[6,6],"1":[6,6]}}
,"/Users/light/Desktop/projects/frontend-mentors/product-list-with-cart/src/components/AmountChangeButton.vue": {"path":"/Users/light/Desktop/projects/frontend-mentors/product-list-with-cart/src/components/AmountChangeButton.vue","statementMap":{"0":{"start":{"line":9,"column":13},"end":{"line":9,"column":null}},"1":{"start":{"line":14,"column":4},"end":{"line":14,"column":null}},"2":{"start":{"line":24,"column":10},"end":{"line":24,"column":51}},"3":{"start":{"line":19,"column":20},"end":{"line":19,"column":null}},"4":{"start":{"line":29,"column":20},"end":{"line":29,"column":null}}},"fnMap":{"0":{"name":"(anonymous_3)","decl":{"start":{"line":19,"column":12},"end":{"line":19,"column":20}},"loc":{"start":{"line":19,"column":20},"end":{"line":19,"column":null}}},"1":{"name":"(anonymous_4)","decl":{"start":{"line":29,"column":12},"end":{"line":29,"column":20}},"loc":{"start":{"line":29,"column":20},"end":{"line":29,"column":null}}}},"branchMap":{"0":{"loc":{"start":{"line":19,"column":12},"end":{"line":19,"column":null}},"type":"binary-expr","locations":[{"start":{"line":19,"column":12},"end":{"line":19,"column":20}},{"start":{"line":19,"column":12},"end":{"line":19,"column":null}}]},"1":{"loc":{"start":{"line":29,"column":12},"end":{"line":29,"column":null}},"type":"binary-expr","locations":[{"start":{"line":29,"column":12},"end":{"line":29,"column":20}},{"start":{"line":29,"column":12},"end":{"line":29,"column":null}}]}},"s":{"0":5,"1":1,"2":1,"3":1,"4":2},"f":{"0":1,"1":2},"b":{"0":[12,5],"1":[12,5]}}
,"/Users/light/Desktop/projects/frontend-mentors/product-list-with-cart/src/components/Cart.vue": {"path":"/Users/light/Desktop/projects/frontend-mentors/product-list-with-cart/src/components/Cart.vue","statementMap":{"0":{"start":{"line":12,"column":13},"end":{"line":12,"column":null}},"1":{"start":{"line":13,"column":16},"end":{"line":13,"column":null}},"2":{"start":{"line":14,"column":13},"end":{"line":14,"column":null}},"3":{"start":{"line":14,"column":29},"end":{"line":14,"column":74}},"4":{"start":{"line":16,"column":0},"end":{"line":18,"column":null}},"5":{"start":{"line":17,"column":2},"end":{"line":17,"column":null}},"6":{"start":{"line":21,"column":2},"end":{"line":21,"column":null}},"7":{"start":{"line":22,"column":2},"end":{"line":22,"column":null}},"8":{"start":{"line":27,"column":7},"end":{"line":27,"column":null}},"9":{"start":{"line":28,"column":8},"end":{"line":28,"column":39}},"10":{"start":{"line":37,"column":8},"end":{"line":37,"column":null}}},"fnMap":{"0":{"name":"(anonymous_1)","decl":{"start":{"line":14,"column":22},"end":{"line":14,"column":29}},"loc":{"start":{"line":14,"column":29},"end":{"line":14,"column":74}}},"1":{"name":"(anonymous_2)","decl":{"start":{"line":16,"column":10},"end":{"line":16,"column":16}},"loc":{"start":{"line":16,"column":16},"end":{"line":18,"column":1}}},"2":{"name":"confirmOrder","decl":{"start":{"line":20,"column":9},"end":{"line":20,"column":24}},"loc":{"start":{"line":20,"column":24},"end":{"line":23,"column":null}}}},"branchMap":{"0":{"loc":{"start":{"line":14,"column":29},"end":{"line":14,"column":74}},"type":"cond-expr","locations":[{"start":{"line":14,"column":45},"end":{"line":14,"column":71}},{"start":{"line":14,"column":71},"end":{"line":14,"column":74}}]},"1":{"loc":{"start":{"line":30,"column":21},"end":{"line":51,"column":15}},"type":"cond-expr","locations":[{"start":{"line":30,"column":32},"end":{"line":1,"column":null}},{"start":{"line":1,"column":0},"end":{"line":51,"column":15}}]},"2":{"loc":{"start":{"line":32,"column":21},"end":{"line":33,"column":36}},"type":"binary-expr","locations":[{"start":{"line":32,"column":21},"end":{"line":32,"column":null}},{"start":{"line":32,"column":21},"end":{"line":33,"column":36}}]},"3":{"loc":{"start":{"line":39,"column":29},"end":{"line":39,"column":null}},"type":"binary-expr","locations":[{"start":{"line":39,"column":29},"end":{"line":39,"column":null}}]}},"s":{"0":2,"1":2,"2":2,"3":5,"4":2,"5":2,"6":1,"7":1,"8":1,"9":1,"10":1},"f":{"0":5,"1":2,"2":1},"b":{"0":[3,2],"1":[2,3],"2":[3,2],"3":[3]}}
,"/Users/light/Desktop/projects/frontend-mentors/product-list-with-cart/src/components/CartListing.vue": {"path":"/Users/light/Desktop/projects/frontend-mentors/product-list-with-cart/src/components/CartListing.vue","statementMap":{"0":{"start":{"line":8,"column":13},"end":{"line":8,"column":null}},"1":{"start":{"line":9,"column":16},"end":{"line":9,"column":null}},"2":{"start":{"line":10,"column":13},"end":{"line":10,"column":null}},"3":{"start":{"line":10,"column":29},"end":{"line":10,"column":74}},"4":{"start":{"line":12,"column":0},"end":{"line":14,"column":null}},"5":{"start":{"line":13,"column":2},"end":{"line":13,"column":null}},"6":{"start":{"line":18,"column":6},"end":{"line":18,"column":null}},"7":{"start":{"line":1,"column":0},"end":{"line":1,"column":null}},"8":{"start":{"line":24,"column":13},"end":{"line":24,"column":null}},"9":{"start":{"line":25,"column":16},"end":{"line":25,"column":null}},"10":{"start":{"line":28,"column":15},"end":{"line":28,"column":null}},"11":{"start":{"line":29,"column":18},"end":{"line":29,"column":58}},"12":{"start":{"line":30,"column":18},"end":{"line":30,"column":54}},"13":{"start":{"line":33,"column":18},"end":{"line":33,"column":59}},"14":{"start":{"line":42,"column":24},"end":{"line":42,"column":null}}},"fnMap":{"0":{"name":"(anonymous_1)","decl":{"start":{"line":10,"column":22},"end":{"line":10,"column":29}},"loc":{"start":{"line":10,"column":29},"end":{"line":10,"column":74}}},"1":{"name":"(anonymous_2)","decl":{"start":{"line":12,"column":10},"end":{"line":12,"column":16}},"loc":{"start":{"line":12,"column":16},"end":{"line":14,"column":1}}},"2":{"name":"(anonymous_8)","decl":{"start":{"line":42,"column":16},"end":{"line":42,"column":24}},"loc":{"start":{"line":42,"column":24},"end":{"line":42,"column":null}}}},"branchMap":{"0":{"loc":{"start":{"line":10,"column":29},"end":{"line":10,"column":74}},"type":"cond-expr","locations":[{"start":{"line":10,"column":45},"end":{"line":10,"column":71}},{"start":{"line":10,"column":71},"end":{"line":10,"column":74}}]},"1":{"loc":{"start":{"line":51,"column":14},"end":{"line":1,"column":null}},"type":"cond-expr","locations":[{"start":{"line":51,"column":33},"end":{"line":52,"column":null}},{"start":{"line":1,"column":0},"end":{"line":1,"column":null}}]}},"s":{"0":2,"1":2,"2":2,"3":5,"4":2,"5":2,"6":1,"7":2,"8":1,"9":1,"10":1,"11":1,"12":1,"13":1,"14":1},"f":{"0":5,"1":2,"2":1},"b":{"0":[3,2],"1":[11,3]}}
,"/Users/light/Desktop/projects/frontend-mentors/product-list-with-cart/src/components/CartTotal.vue": {"path":"/Users/light/Desktop/projects/frontend-mentors/product-list-with-cart/src/components/CartTotal.vue","statementMap":{"0":{"start":{"line":6,"column":14},"end":{"line":6,"column":null}},"1":{"start":{"line":7,"column":16},"end":{"line":7,"column":null}},"2":{"start":{"line":9,"column":0},"end":{"line":11,"column":null}},"3":{"start":{"line":10,"column":2},"end":{"line":10,"column":null}},"4":{"start":{"line":15,"column":7},"end":{"line":15,"column":null}},"5":{"start":{"line":17,"column":10},"end":{"line":17,"column":32}},"6":{"start":{"line":15,"column":2},"end":{"line":17,"column":78}}},"fnMap":{"0":{"name":"(anonymous_1)","decl":{"start":{"line":9,"column":10},"end":{"line":9,"column":16}},"loc":{"start":{"line":9,"column":16},"end":{"line":11,"column":1}}}},"branchMap":{"0":{"loc":{"start":{"line":18,"column":8},"end":{"line":16,"column":50}},"type":"binary-expr","locations":[{"start":{"line":18,"column":8},"end":{"line":18,"column":null}},{"start":{"line":18,"column":8},"end":{"line":16,"column":50}}]},"1":{"loc":{"start":{"line":17,"column":37},"end":{"line":17,"column":58}},"type":"cond-expr","locations":[{"start":{"line":17,"column":47},"end":{"line":17,"column":52}},{"start":{"line":17,"column":52},"end":{"line":17,"column":58}}]}},"s":{"0":4,"1":4,"2":4,"3":4,"4":2,"5":2,"6":9},"f":{"0":4},"b":{"0":[9,4],"1":[5,4]}}
,"/Users/light/Desktop/projects/frontend-mentors/product-list-with-cart/src/components/ClearHistoryButton.vue": {"path":"/Users/light/Desktop/projects/frontend-mentors/product-list-with-cart/src/components/ClearHistoryButton.vue","statementMap":{"0":{"start":{"line":6,"column":16},"end":{"line":6,"column":null}},"1":{"start":{"line":7,"column":16},"end":{"line":7,"column":null}},"2":{"start":{"line":9,"column":0},"end":{"line":11,"column":null}},"3":{"start":{"line":10,"column":2},"end":{"line":10,"column":null}},"4":{"start":{"line":1,"column":0},"end":{"line":1,"column":null}},"5":{"start":{"line":15,"column":2},"end":{"line":1,"column":null}},"6":{"start":{"line":17,"column":18},"end":{"line":17,"column":null}}},"fnMap":{"0":{"name":"(anonymous_1)","decl":{"start":{"line":9,"column":10},"end":{"line":9,"column":16}},"loc":{"start":{"line":9,"column":16},"end":{"line":11,"column":1}}},"1":{"name":"(anonymous_4)","decl":{"start":{"line":17,"column":10},"end":{"line":17,"column":18}},"loc":{"start":{"line":17,"column":18},"end":{"line":17,"column":null}}}},"branchMap":{"0":{"loc":{"start":{"line":17,"column":10},"end":{"line":17,"column":null}},"type":"binary-expr","locations":[{"start":{"line":17,"column":10},"end":{"line":17,"column":18}},{"start":{"line":17,"column":10},"end":{"line":17,"column":null}}]},"1":{"loc":{"start":{"line":18,"column":15},"end":{"line":18,"column":null}},"type":"binary-expr","locations":[{"start":{"line":18,"column":15},"end":{"line":18,"column":26}},{"start":{"line":18,"column":26},"end":{"line":18,"column":null}}]}},"s":{"0":1,"1":1,"2":1,"3":1,"4":1,"5":3,"6":1},"f":{"0":1,"1":1},"b":{"0":[3,1],"1":[3,2]}}
,"/Users/light/Desktop/projects/frontend-mentors/product-list-with-cart/src/components/ConfirmListing.vue": {"path":"/Users/light/Desktop/projects/frontend-mentors/product-list-with-cart/src/components/ConfirmListing.vue","statementMap":{"0":{"start":{"line":5,"column":14},"end":{"line":5,"column":null}},"1":{"start":{"line":8,"column":13},"end":{"line":8,"column":null}},"2":{"start":{"line":8,"column":28},"end":{"line":8,"column":51}},"3":{"start":{"line":12,"column":6},"end":{"line":12,"column":null}},"4":{"start":{"line":1,"column":0},"end":{"line":1,"column":null}},"5":{"start":{"line":18,"column":13},"end":{"line":18,"column":null}},"6":{"start":{"line":25,"column":15},"end":{"line":25,"column":null}},"7":{"start":{"line":27,"column":14},"end":{"line":27,"column":null}},"8":{"start":{"line":31,"column":17},"end":{"line":31,"column":null}},"9":{"start":{"line":32,"column":20},"end":{"line":32,"column":null}},"10":{"start":{"line":35,"column":20},"end":{"line":35,"column":56}},"11":{"start":{"line":42,"column":14},"end":{"line":42,"column":45}}},"fnMap":{"0":{"name":"(anonymous_1)","decl":{"start":{"line":8,"column":22},"end":{"line":8,"column":28}},"loc":{"start":{"line":8,"column":28},"end":{"line":8,"column":51}}}},"branchMap":{"0":{"loc":{"start":{"line":50,"column":14},"end":{"line":1,"column":null}},"type":"cond-expr","locations":[{"start":{"line":50,"column":33},"end":{"line":51,"column":null}},{"start":{"line":1,"column":0},"end":{"line":1,"column":null}}]}},"s":{"0":4,"1":4,"2":4,"3":2,"4":4,"5":2,"6":2,"7":2,"8":2,"9":2,"10":2,"11":2},"f":{"0":4},"b":{"0":[8,4]}}
,"/Users/light/Desktop/projects/frontend-mentors/product-list-with-cart/src/components/ConfirmOrder.vue": {"path":"/Users/light/Desktop/projects/frontend-mentors/product-list-with-cart/src/components/ConfirmOrder.vue","statementMap":{"0":{"start":{"line":10,"column":21},"end":{"line":10,"column":null}},"1":{"start":{"line":11,"column":13},"end":{"line":11,"column":null}},"2":{"start":{"line":12,"column":18},"end":{"line":12,"column":null}},"3":{"start":{"line":15,"column":2},"end":{"line":15,"column":null}},"4":{"start":{"line":16,"column":2},"end":{"line":16,"column":null}},"5":{"start":{"line":19,"column":0},"end":{"line":19,"column":null}},"6":{"start":{"line":19,"column":16},"end":{"line":19,"column":40}},"7":{"start":{"line":35,"column":11},"end":{"line":35,"column":null}},"8":{"start":{"line":43,"column":11},"end":{"line":43,"column":null}},"9":{"start":{"line":26,"column":10},"end":{"line":1,"column":null}}},"fnMap":{"0":{"name":"confirm","decl":{"start":{"line":14,"column":9},"end":{"line":14,"column":19}},"loc":{"start":{"line":14,"column":19},"end":{"line":17,"column":null}}},"1":{"name":"(anonymous_2)","decl":{"start":{"line":19,"column":10},"end":{"line":19,"column":16}},"loc":{"start":{"line":19,"column":16},"end":{"line":19,"column":40}}}},"branchMap":{"0":{"loc":{"start":{"line":26,"column":10},"end":{"line":1,"column":null}},"type":"cond-expr","locations":[{"start":{"line":26,"column":10},"end":{"line":1,"column":null}},{"start":{"line":1,"column":0},"end":{"line":1,"column":null}}]},"1":{"loc":{"start":{"line":36,"column":41},"end":{"line":36,"column":44}},"type":"binary-expr","locations":[{"start":{"line":36,"column":41},"end":{"line":36,"column":44}}]},"2":{"loc":{"start":{"line":44,"column":29},"end":{"line":45,"column":38}},"type":"binary-expr","locations":[{"start":{"line":44,"column":29},"end":{"line":44,"column":32}},{"start":{"line":44,"column":29},"end":{"line":45,"column":38}}]}},"s":{"0":3,"1":3,"2":3,"3":1,"4":1,"5":3,"6":3,"7":1,"8":1,"9":4},"f":{"0":1,"1":3},"b":{"0":[2,2],"1":[2],"2":[2,2]}}
,"/Users/light/Desktop/projects/frontend-mentors/product-list-with-cart/src/components/DessertsTab.vue": {"path":"/Users/light/Desktop/projects/frontend-mentors/product-list-with-cart/src/components/DessertsTab.vue","statementMap":{"0":{"start":{"line":8,"column":14},"end":{"line":8,"column":null}},"1":{"start":{"line":19,"column":13},"end":{"line":19,"column":null}},"2":{"start":{"line":20,"column":16},"end":{"line":20,"column":null}},"3":{"start":{"line":21,"column":11},"end":{"line":21,"column":null}},"4":{"start":{"line":22,"column":18},"end":{"line":22,"column":null}},"5":{"start":{"line":25,"column":2},"end":{"line":32,"column":null}},"6":{"start":{"line":27,"column":6},"end":{"line":27,"column":null}},"7":{"start":{"line":28,"column":6},"end":{"line":28,"column":null}},"8":{"start":{"line":30,"column":6},"end":{"line":30,"column":null}},"9":{"start":{"line":31,"column":6},"end":{"line":31,"column":null}},"10":{"start":{"line":35,"column":0},"end":{"line":38,"column":null}},"11":{"start":{"line":36,"column":2},"end":{"line":36,"column":null}},"12":{"start":{"line":37,"column":2},"end":{"line":37,"column":null}},"13":{"start":{"line":40,"column":0},"end":{"line":42,"column":null}},"14":{"start":{"line":41,"column":2},"end":{"line":41,"column":null}},"15":{"start":{"line":52,"column":9},"end":{"line":52,"column":null}},"16":{"start":{"line":53,"column":15},"end":{"line":53,"column":null}},"17":{"start":{"line":1,"column":0},"end":{"line":1,"column":null}},"18":{"start":{"line":67,"column":9},"end":{"line":67,"column":null}},"19":{"start":{"line":68,"column":12},"end":{"line":68,"column":51}},"20":{"start":{"line":69,"column":9},"end":{"line":69,"column":34}},"21":{"start":{"line":70,"column":12},"end":{"line":70,"column":43}}},"fnMap":{"0":{"name":"keyboardHandler","decl":{"start":{"line":24,"column":9},"end":{"line":24,"column":25}},"loc":{"start":{"line":24,"column":43},"end":{"line":33,"column":null}}},"1":{"name":"(anonymous_2)","decl":{"start":{"line":35,"column":10},"end":{"line":35,"column":16}},"loc":{"start":{"line":35,"column":16},"end":{"line":38,"column":1}}},"2":{"name":"(anonymous_3)","decl":{"start":{"line":40,"column":12},"end":{"line":40,"column":18}},"loc":{"start":{"line":40,"column":18},"end":{"line":42,"column":1}}}},"branchMap":{"0":{"loc":{"start":{"line":25,"column":2},"end":{"line":32,"column":null}},"type":"switch","locations":[{"start":{"line":26,"column":4},"end":{"line":28,"column":null}},{"start":{"line":29,"column":4},"end":{"line":31,"column":null}}]},"1":{"loc":{"start":{"line":63,"column":32},"end":{"line":64,"column":36}},"type":"cond-expr","locations":[{"start":{"line":63,"column":49},"end":{"line":63,"column":61}},{"start":{"line":63,"column":56},"end":{"line":64,"column":36}}]},"2":{"loc":{"start":{"line":63,"column":32},"end":{"line":63,"column":56}},"type":"binary-expr","locations":[{"start":{"line":63,"column":32},"end":{"line":63,"column":43}},{"start":{"line":63,"column":43},"end":{"line":63,"column":56}}]}},"s":{"0":4,"1":4,"2":4,"3":4,"4":4,"5":8,"6":3,"7":3,"8":5,"9":5,"10":4,"11":4,"12":4,"13":4,"14":4,"15":1,"16":1,"17":3,"18":1,"19":1,"20":1,"21":1},"f":{"0":8,"1":4,"2":4},"b":{"0":[3,5],"1":[12,8],"2":[20,16]}}
,"/Users/light/Desktop/projects/frontend-mentors/product-list-with-cart/src/components/EmptyCart.vue": {"path":"/Users/light/Desktop/projects/frontend-mentors/product-list-with-cart/src/components/EmptyCart.vue","statementMap":{"0":{"start":{"line":6,"column":7},"end":{"line":6,"column":null}},"1":{"start":{"line":6,"column":2},"end":{"line":10,"column":11}}},"fnMap":{},"branchMap":{"0":{"loc":{"start":{"line":7,"column":25},"end":{"line":10,"column":11}},"type":"binary-expr","locations":[{"start":{"line":7,"column":25},"end":{"line":7,"column":null}},{"start":{"line":7,"column":25},"end":{"line":10,"column":11}}]}},"s":{"0":1,"1":2},"f":{},"b":{"0":[2,2]}}
,"/Users/light/Desktop/projects/frontend-mentors/product-list-with-cart/src/components/OrderHistory.vue": {"path":"/Users/light/Desktop/projects/frontend-mentors/product-list-with-cart/src/components/OrderHistory.vue","statementMap":{"0":{"start":{"line":7,"column":16},"end":{"line":7,"column":null}},"1":{"start":{"line":8,"column":16},"end":{"line":8,"column":null}},"2":{"start":{"line":9,"column":13},"end":{"line":13,"column":null}},"3":{"start":{"line":10,"column":2},"end":{"line":12,"column":null}},"4":{"start":{"line":11,"column":4},"end":{"line":11,"column":null}},"5":{"start":{"line":15,"column":0},"end":{"line":17,"column":null}},"6":{"start":{"line":16,"column":2},"end":{"line":16,"column":null}},"7":{"start":{"line":34,"column":12},"end":{"line":34,"column":null}},"8":{"start":{"line":23,"column":10},"end":{"line":1,"column":null}}},"fnMap":{"0":{"name":"(anonymous_1)","decl":{"start":{"line":9,"column":22},"end":{"line":9,"column":null}},"loc":{"start":{"line":10,"column":2},"end":{"line":12,"column":null}}},"1":{"name":"(anonymous_2)","decl":{"start":{"line":10,"column":38},"end":{"line":10,"column":39}},"loc":{"start":{"line":10,"column":48},"end":{"line":12,"column":3}}},"2":{"name":"(anonymous_3)","decl":{"start":{"line":15,"column":10},"end":{"line":15,"column":16}},"loc":{"start":{"line":15,"column":16},"end":{"line":17,"column":1}}}},"branchMap":{"0":{"loc":{"start":{"line":23,"column":10},"end":{"line":1,"column":null}},"type":"cond-expr","locations":[{"start":{"line":23,"column":32},"end":{"line":25,"column":61}},{"start":{"line":30,"column":15},"end":{"line":1,"column":null}}]},"1":{"loc":{"start":{"line":23,"column":10},"end":{"line":23,"column":null}},"type":"binary-expr","locations":[{"start":{"line":23,"column":10},"end":{"line":23,"column":21}},{"start":{"line":23,"column":21},"end":{"line":23,"column":null}}]},"2":{"loc":{"start":{"line":26,"column":8},"end":{"line":25,"column":61}},"type":"binary-expr","locations":[{"start":{"line":26,"column":8},"end":{"line":26,"column":null}},{"start":{"line":26,"column":8},"end":{"line":25,"column":61}}]},"3":{"loc":{"start":{"line":30,"column":15},"end":{"line":1,"column":null}},"type":"cond-expr","locations":[{"start":{"line":30,"column":15},"end":{"line":1,"column":null}},{"start":{"line":1,"column":0},"end":{"line":1,"column":null}}]}},"s":{"0":2,"1":2,"2":2,"3":2,"4":1,"5":2,"6":2,"7":1,"8":4},"f":{"0":2,"1":1,"2":2},"b":{"0":[1,3],"1":[4,2],"2":[1,1],"3":[1,2]}}
,"/Users/light/Desktop/projects/frontend-mentors/product-list-with-cart/src/components/icons/IconAddToCart.vue": {"path":"/Users/light/Desktop/projects/frontend-mentors/product-list-with-cart/src/components/icons/IconAddToCart.vue","statementMap":{},"fnMap":{},"branchMap":{"0":{"loc":{"start":{"line":1,"column":0},"end":{"line":1,"column":null}},"type":"binary-expr","locations":[{"start":{"line":1,"column":0},"end":{"line":1,"column":null}}]}},"s":{},"f":{},"b":{"0":[6]}}
,"/Users/light/Desktop/projects/frontend-mentors/product-list-with-cart/src/components/icons/IconCarbonNeutral.vue": {"path":"/Users/light/Desktop/projects/frontend-mentors/product-list-with-cart/src/components/icons/IconCarbonNeutral.vue","statementMap":{},"fnMap":{},"branchMap":{"0":{"loc":{"start":{"line":12,"column":6},"end":{"line":12,"column":null}},"type":"binary-expr","locations":[{"start":{"line":12,"column":6},"end":{"line":12,"column":null}}]}},"s":{},"f":{},"b":{"0":[2]}}
,"/Users/light/Desktop/projects/frontend-mentors/product-list-with-cart/src/components/icons/IconClose.vue": {"path":"/Users/light/Desktop/projects/frontend-mentors/product-list-with-cart/src/components/icons/IconClose.vue","statementMap":{},"fnMap":{},"branchMap":{"0":{"loc":{"start":{"line":12,"column":6},"end":{"line":12,"column":null}},"type":"binary-expr","locations":[{"start":{"line":12,"column":6},"end":{"line":12,"column":null}}]}},"s":{},"f":{},"b":{"0":[10]}}
,"/Users/light/Desktop/projects/frontend-mentors/product-list-with-cart/src/components/icons/IconOrderConfirm.vue": {"path":"/Users/light/Desktop/projects/frontend-mentors/product-list-with-cart/src/components/icons/IconOrderConfirm.vue","statementMap":{},"fnMap":{},"branchMap":{"0":{"loc":{"start":{"line":6,"column":6},"end":{"line":6,"column":null}},"type":"binary-expr","locations":[{"start":{"line":6,"column":6},"end":{"line":6,"column":null}}]}},"s":{},"f":{},"b":{"0":[2]}}
,"/Users/light/Desktop/projects/frontend-mentors/product-list-with-cart/src/components/icons/IllustrationEmpty.vue": {"path":"/Users/light/Desktop/projects/frontend-mentors/product-list-with-cart/src/components/icons/IllustrationEmpty.vue","statementMap":{},"fnMap":{},"branchMap":{"0":{"loc":{"start":{"line":1,"column":0},"end":{"line":1,"column":null}},"type":"binary-expr","locations":[{"start":{"line":1,"column":0},"end":{"line":1,"column":null}}]}},"s":{},"f":{},"b":{"0":[2]}}
,"/Users/light/Desktop/projects/frontend-mentors/product-list-with-cart/src/stores/cart.ts": {"path":"/Users/light/Desktop/projects/frontend-mentors/product-list-with-cart/src/stores/cart.ts","statementMap":{"0":{"start":{"line":3,"column":14},"end":{"line":17,"column":null}},"1":{"start":{"line":8,"column":6},"end":{"line":8,"column":null}},"2":{"start":{"line":11,"column":18},"end":{"line":11,"column":null}},"3":{"start":{"line":12,"column":6},"end":{"line":13,"column":null}},"4":{"start":{"line":12,"column":34},"end":{"line":12,"column":null}},"5":{"start":{"line":13,"column":11},"end":{"line":13,"column":null}},"6":{"start":{"line":20,"column":14},"end":{"line":20,"column":null}},"7":{"start":{"line":21,"column":16},"end":{"line":21,"column":null}},"8":{"start":{"line":23,"column":2},"end":{"line":26,"column":null}},"9":{"start":{"line":24,"column":4},"end":{"line":24,"column":null}},"10":{"start":{"line":25,"column":4},"end":{"line":25,"column":null}},"11":{"start":{"line":28,"column":2},"end":{"line":28,"column":null}},"12":{"start":{"line":32,"column":2},"end":{"line":32,"column":null}},"13":{"start":{"line":36,"column":2},"end":{"line":36,"column":null}}},"fnMap":{"0":{"name":"(anonymous_0)","decl":{"start":{"line":7,"column":4},"end":{"line":7,"column":11}},"loc":{"start":{"line":7,"column":16},"end":{"line":9,"column":null}}},"1":{"name":"(anonymous_1)","decl":{"start":{"line":10,"column":4},"end":{"line":10,"column":11}},"loc":{"start":{"line":10,"column":16},"end":{"line":14,"column":null}}},"2":{"name":"addToCart","decl":{"start":{"line":19,"column":9},"end":{"line":19,"column":19}},"loc":{"start":{"line":19,"column":47},"end":{"line":29,"column":null}}},"3":{"name":"removeFromCart","decl":{"start":{"line":31,"column":9},"end":{"line":31,"column":24}},"loc":{"start":{"line":31,"column":36},"end":{"line":33,"column":null}}},"4":{"name":"normalize","decl":{"start":{"line":35,"column":9},"end":{"line":35,"column":19}},"loc":{"start":{"line":35,"column":33},"end":{"line":37,"column":null}}}},"branchMap":{"0":{"loc":{"start":{"line":12,"column":6},"end":{"line":13,"column":null}},"type":"if","locations":[{"start":{"line":12,"column":6},"end":{"line":13,"column":null}},{"start":{"line":13,"column":11},"end":{"line":13,"column":null}}]},"1":{"loc":{"start":{"line":12,"column":10},"end":{"line":12,"column":34}},"type":"binary-expr","locations":[{"start":{"line":12,"column":10},"end":{"line":12,"column":24}},{"start":{"line":12,"column":24},"end":{"line":12,"column":34}}]},"2":{"loc":{"start":{"line":20,"column":14},"end":{"line":20,"column":null}},"type":"cond-expr","locations":[{"start":{"line":20,"column":34},"end":{"line":20,"column":53}},{"start":{"line":20,"column":53},"end":{"line":20,"column":null}}]},"3":{"loc":{"start":{"line":23,"column":2},"end":{"line":26,"column":null}},"type":"if","locations":[{"start":{"line":23,"column":2},"end":{"line":26,"column":null}},{"start":{},"end":{}}]}},"s":{"0":4,"1":16,"2":21,"3":21,"4":3,"5":18,"6":12,"7":12,"8":12,"9":2,"10":2,"11":10,"12":3,"13":32},"f":{"0":16,"1":21,"2":12,"3":3,"4":32},"b":{"0":[3,18],"1":[21,18],"2":[9,3],"3":[2,10]}}
,"/Users/light/Desktop/projects/frontend-mentors/product-list-with-cart/src/stores/confirm-modal.ts": {"path":"/Users/light/Desktop/projects/frontend-mentors/product-list-with-cart/src/stores/confirm-modal.ts","statementMap":{"0":{"start":{"line":3,"column":22},"end":{"line":3,"column":null}}},"fnMap":{},"branchMap":{},"s":{"0":2},"f":{},"b":{}}
,"/Users/light/Desktop/projects/frontend-mentors/product-list-with-cart/src/stores/history.ts": {"path":"/Users/light/Desktop/projects/frontend-mentors/product-list-with-cart/src/stores/history.ts","statementMap":{"0":{"start":{"line":8,"column":17},"end":{"line":20,"column":null}},"1":{"start":{"line":10,"column":4},"end":{"line":10,"column":null}},"2":{"start":{"line":13,"column":4},"end":{"line":17,"column":null}},"3":{"start":{"line":14,"column":6},"end":{"line":14,"column":null}},"4":{"start":{"line":16,"column":6},"end":{"line":16,"column":null}},"5":{"start":{"line":23,"column":15},"end":{"line":23,"column":null}},"6":{"start":{"line":24,"column":2},"end":{"line":24,"column":null}}},"fnMap":{"0":{"name":"(anonymous_0)","decl":{"start":{"line":9,"column":2},"end":{"line":9,"column":9}},"loc":{"start":{"line":9,"column":14},"end":{"line":11,"column":null}}},"1":{"name":"(anonymous_1)","decl":{"start":{"line":12,"column":2},"end":{"line":12,"column":9}},"loc":{"start":{"line":12,"column":14},"end":{"line":18,"column":null}}},"2":{"name":"pushHistory","decl":{"start":{"line":22,"column":9},"end":{"line":22,"column":23}},"loc":{"start":{"line":22,"column":23},"end":{"line":25,"column":null}}}},"branchMap":{},"s":{"0":2,"1":8,"2":8,"3":8,"4":1,"5":1,"6":1},"f":{"0":8,"1":8,"2":1},"b":{}}
,"/Users/light/Desktop/projects/frontend-mentors/product-list-with-cart/src/stores/total.ts": {"path":"/Users/light/Desktop/projects/frontend-mentors/product-list-with-cart/src/stores/total.ts","statementMap":{"0":{"start":{"line":5,"column":15},"end":{"line":9,"column":null}},"1":{"start":{"line":6,"column":2},"end":{"line":8,"column":null}},"2":{"start":{"line":7,"column":27},"end":{"line":7,"column":59}},"3":{"start":{"line":8,"column":26},"end":{"line":8,"column":37}}},"fnMap":{"0":{"name":"(anonymous_0)","decl":{"start":{"line":5,"column":31},"end":{"line":5,"column":32}},"loc":{"start":{"line":6,"column":2},"end":{"line":8,"column":null}}},"1":{"name":"(anonymous_1)","decl":{"start":{"line":7,"column":9},"end":{"line":7,"column":10}},"loc":{"start":{"line":7,"column":27},"end":{"line":7,"column":59}}},"2":{"name":"(anonymous_2)","decl":{"start":{"line":8,"column":12},"end":{"line":8,"column":13}},"loc":{"start":{"line":8,"column":26},"end":{"line":8,"column":37}}}},"branchMap":{},"s":{"0":2,"1":3,"2":11,"3":11},"f":{"0":3,"1":11,"2":11},"b":{}}
,"/Users/light/Desktop/projects/frontend-mentors/product-list-with-cart/tests/Cart.spec.ts": {"path":"/Users/light/Desktop/projects/frontend-mentors/product-list-with-cart/tests/Cart.spec.ts","statementMap":{"0":{"start":{"line":12,"column":0},"end":{"line":75,"column":null}},"1":{"start":{"line":13,"column":21},"end":{"line":13,"column":null}},"2":{"start":{"line":15,"column":19},"end":{"line":21,"column":null}},"3":{"start":{"line":23,"column":2},"end":{"line":25,"column":null}},"4":{"start":{"line":24,"column":4},"end":{"line":24,"column":null}},"5":{"start":{"line":27,"column":2},"end":{"line":34,"column":null}},"6":{"start":{"line":28,"column":4},"end":{"line":28,"column":null}},"7":{"start":{"line":29,"column":4},"end":{"line":29,"column":null}},"8":{"start":{"line":31,"column":4},"end":{"line":33,"column":null}},"9":{"start":{"line":32,"column":6},"end":{"line":32,"column":null}},"10":{"start":{"line":36,"column":2},"end":{"line":40,"column":null}},"11":{"start":{"line":37,"column":4},"end":{"line":37,"column":null}},"12":{"start":{"line":38,"column":4},"end":{"line":38,"column":null}},"13":{"start":{"line":39,"column":4},"end":{"line":39,"column":null}},"14":{"start":{"line":42,"column":2},"end":{"line":56,"column":null}},"15":{"start":{"line":43,"column":17},"end":{"line":43,"column":null}},"16":{"start":{"line":44,"column":4},"end":{"line":44,"column":null}},"17":{"start":{"line":46,"column":17},"end":{"line":46,"column":null}},"18":{"start":{"line":47,"column":20},"end":{"line":47,"column":null}},"19":{"start":{"line":48,"column":19},"end":{"line":48,"column":null}},"20":{"start":{"line":50,"column":4},"end":{"line":50,"column":null}},"21":{"start":{"line":51,"column":4},"end":{"line":51,"column":null}},"22":{"start":{"line":53,"column":4},"end":{"line":53,"column":null}},"23":{"start":{"line":54,"column":4},"end":{"line":54,"column":null}},"24":{"start":{"line":55,"column":4},"end":{"line":55,"column":null}},"25":{"start":{"line":58,"column":2},"end":{"line":74,"column":null}},"26":{"start":{"line":59,"column":17},"end":{"line":59,"column":null}},"27":{"start":{"line":60,"column":4},"end":{"line":60,"column":null}},"28":{"start":{"line":62,"column":20},"end":{"line":62,"column":null}},"29":{"start":{"line":63,"column":4},"end":{"line":63,"column":null}},"30":{"start":{"line":64,"column":4},"end":{"line":64,"column":null}},"31":{"start":{"line":66,"column":4},"end":{"line":66,"column":null}},"32":{"start":{"line":68,"column":20},"end":{"line":68,"column":null}},"33":{"start":{"line":69,"column":17},"end":{"line":69,"column":null}},"34":{"start":{"line":70,"column":4},"end":{"line":70,"column":null}},"35":{"start":{"line":72,"column":17},"end":{"line":72,"column":null}},"36":{"start":{"line":73,"column":4},"end":{"line":73,"column":null}}},"fnMap":{"0":{"name":"(anonymous_0)","decl":{"start":{"line":12,"column":21},"end":{"line":12,"column":27}},"loc":{"start":{"line":12,"column":27},"end":{"line":75,"column":1}}},"1":{"name":"(anonymous_1)","decl":{"start":{"line":23,"column":12},"end":{"line":23,"column":18}},"loc":{"start":{"line":23,"column":18},"end":{"line":25,"column":3}}},"2":{"name":"(anonymous_2)","decl":{"start":{"line":27,"column":13},"end":{"line":27,"column":19}},"loc":{"start":{"line":27,"column":19},"end":{"line":34,"column":3}}},"3":{"name":"(anonymous_3)","decl":{"start":{"line":36,"column":12},"end":{"line":36,"column":18}},"loc":{"start":{"line":36,"column":18},"end":{"line":40,"column":3}}},"4":{"name":"(anonymous_4)","decl":{"start":{"line":42,"column":51},"end":{"line":42,"column":63}},"loc":{"start":{"line":42,"column":63},"end":{"line":56,"column":3}}},"5":{"name":"(anonymous_5)","decl":{"start":{"line":58,"column":34},"end":{"line":58,"column":46}},"loc":{"start":{"line":58,"column":46},"end":{"line":74,"column":3}}}},"branchMap":{},"s":{"0":1,"1":1,"2":1,"3":1,"4":1,"5":1,"6":2,"7":2,"8":2,"9":10,"10":1,"11":2,"12":2,"13":2,"14":1,"15":1,"16":1,"17":1,"18":1,"19":1,"20":1,"21":1,"22":1,"23":1,"24":1,"25":1,"26":1,"27":1,"28":1,"29":1,"30":1,"31":1,"32":1,"33":1,"34":1,"35":1,"36":1},"f":{"0":1,"1":1,"2":2,"3":2,"4":1,"5":1},"b":{}}
,"/Users/light/Desktop/projects/frontend-mentors/product-list-with-cart/tests/ConfirmOrder.spec.ts": {"path":"/Users/light/Desktop/projects/frontend-mentors/product-list-with-cart/tests/ConfirmOrder.spec.ts","statementMap":{"0":{"start":{"line":11,"column":0},"end":{"line":66,"column":null}},"1":{"start":{"line":12,"column":19},"end":{"line":15,"column":null}},"2":{"start":{"line":16,"column":16},"end":{"line":16,"column":null}},"3":{"start":{"line":18,"column":2},"end":{"line":20,"column":null}},"4":{"start":{"line":19,"column":4},"end":{"line":19,"column":null}},"5":{"start":{"line":22,"column":2},"end":{"line":28,"column":null}},"6":{"start":{"line":23,"column":4},"end":{"line":25,"column":null}},"7":{"start":{"line":24,"column":6},"end":{"line":24,"column":null}},"8":{"start":{"line":26,"column":4},"end":{"line":26,"column":null}},"9":{"start":{"line":27,"column":4},"end":{"line":27,"column":null}},"10":{"start":{"line":30,"column":2},"end":{"line":34,"column":null}},"11":{"start":{"line":31,"column":4},"end":{"line":31,"column":null}},"12":{"start":{"line":32,"column":4},"end":{"line":32,"column":null}},"13":{"start":{"line":33,"column":4},"end":{"line":33,"column":null}},"14":{"start":{"line":36,"column":2},"end":{"line":43,"column":null}},"15":{"start":{"line":37,"column":4},"end":{"line":37,"column":null}},"16":{"start":{"line":38,"column":17},"end":{"line":38,"column":null}},"17":{"start":{"line":39,"column":4},"end":{"line":39,"column":null}},"18":{"start":{"line":41,"column":19},"end":{"line":41,"column":null}},"19":{"start":{"line":42,"column":4},"end":{"line":42,"column":null}},"20":{"start":{"line":45,"column":2},"end":{"line":52,"column":null}},"21":{"start":{"line":46,"column":17},"end":{"line":46,"column":null}},"22":{"start":{"line":47,"column":4},"end":{"line":47,"column":null}},"23":{"start":{"line":49,"column":19},"end":{"line":49,"column":null}},"24":{"start":{"line":50,"column":4},"end":{"line":50,"column":null}},"25":{"start":{"line":51,"column":4},"end":{"line":51,"column":null}},"26":{"start":{"line":54,"column":2},"end":{"line":65,"column":null}},"27":{"start":{"line":55,"column":17},"end":{"line":55,"column":null}},"28":{"start":{"line":56,"column":4},"end":{"line":56,"column":null}},"29":{"start":{"line":58,"column":19},"end":{"line":58,"column":null}},"30":{"start":{"line":59,"column":4},"end":{"line":59,"column":null}},"31":{"start":{"line":60,"column":4},"end":{"line":60,"column":null}},"32":{"start":{"line":62,"column":4},"end":{"line":62,"column":null}},"33":{"start":{"line":63,"column":4},"end":{"line":63,"column":null}},"34":{"start":{"line":64,"column":4},"end":{"line":64,"column":null}}},"fnMap":{"0":{"name":"(anonymous_0)","decl":{"start":{"line":11,"column":29},"end":{"line":11,"column":35}},"loc":{"start":{"line":11,"column":35},"end":{"line":66,"column":1}}},"1":{"name":"(anonymous_1)","decl":{"start":{"line":18,"column":12},"end":{"line":18,"column":18}},"loc":{"start":{"line":18,"column":18},"end":{"line":20,"column":3}}},"2":{"name":"(anonymous_2)","decl":{"start":{"line":22,"column":13},"end":{"line":22,"column":19}},"loc":{"start":{"line":22,"column":19},"end":{"line":28,"column":3}}},"3":{"name":"(anonymous_3)","decl":{"start":{"line":30,"column":12},"end":{"line":30,"column":18}},"loc":{"start":{"line":30,"column":18},"end":{"line":34,"column":3}}},"4":{"name":"(anonymous_4)","decl":{"start":{"line":36,"column":51},"end":{"line":36,"column":63}},"loc":{"start":{"line":36,"column":63},"end":{"line":43,"column":3}}},"5":{"name":"(anonymous_5)","decl":{"start":{"line":45,"column":46},"end":{"line":45,"column":58}},"loc":{"start":{"line":45,"column":58},"end":{"line":52,"column":3}}},"6":{"name":"(anonymous_6)","decl":{"start":{"line":54,"column":41},"end":{"line":54,"column":53}},"loc":{"start":{"line":54,"column":53},"end":{"line":65,"column":3}}}},"branchMap":{},"s":{"0":1,"1":1,"2":1,"3":1,"4":1,"5":1,"6":3,"7":6,"8":3,"9":3,"10":1,"11":3,"12":3,"13":3,"14":1,"15":1,"16":1,"17":1,"18":1,"19":1,"20":1,"21":1,"22":1,"23":1,"24":1,"25":1,"26":1,"27":1,"28":1,"29":1,"30":1,"31":1,"32":1,"33":1,"34":1},"f":{"0":1,"1":1,"2":3,"3":3,"4":1,"5":1,"6":1},"b":{}}
,"/Users/light/Desktop/projects/frontend-mentors/product-list-with-cart/tests/DessertsTab.spec.ts": {"path":"/Users/light/Desktop/projects/frontend-mentors/product-list-with-cart/tests/DessertsTab.spec.ts","statementMap":{"0":{"start":{"line":15,"column":0},"end":{"line":91,"column":null}},"1":{"start":{"line":16,"column":19},"end":{"line":16,"column":null}},"2":{"start":{"line":18,"column":2},"end":{"line":20,"column":null}},"3":{"start":{"line":19,"column":4},"end":{"line":19,"column":null}},"4":{"start":{"line":22,"column":2},"end":{"line":24,"column":null}},"5":{"start":{"line":23,"column":4},"end":{"line":23,"column":null}},"6":{"start":{"line":26,"column":2},"end":{"line":30,"column":null}},"7":{"start":{"line":27,"column":4},"end":{"line":27,"column":null}},"8":{"start":{"line":28,"column":4},"end":{"line":28,"column":null}},"9":{"start":{"line":29,"column":4},"end":{"line":29,"column":null}},"10":{"start":{"line":32,"column":2},"end":{"line":43,"column":null}},"11":{"start":{"line":33,"column":17},"end":{"line":33,"column":null}},"12":{"start":{"line":34,"column":22},"end":{"line":34,"column":null}},"13":{"start":{"line":36,"column":4},"end":{"line":36,"column":null}},"14":{"start":{"line":37,"column":4},"end":{"line":37,"column":null}},"15":{"start":{"line":39,"column":17},"end":{"line":39,"column":null}},"16":{"start":{"line":40,"column":4},"end":{"line":40,"column":null}},"17":{"start":{"line":41,"column":4},"end":{"line":41,"column":null}},"18":{"start":{"line":42,"column":4},"end":{"line":42,"column":null}},"19":{"start":{"line":45,"column":2},"end":{"line":59,"column":null}},"20":{"start":{"line":46,"column":17},"end":{"line":46,"column":null}},"21":{"start":{"line":47,"column":4},"end":{"line":47,"column":null}},"22":{"start":{"line":48,"column":4},"end":{"line":48,"column":null}},"23":{"start":{"line":49,"column":20},"end":{"line":49,"column":null}},"24":{"start":{"line":51,"column":4},"end":{"line":51,"column":null}},"25":{"start":{"line":53,"column":17},"end":{"line":53,"column":null}},"26":{"start":{"line":54,"column":4},"end":{"line":54,"column":null}},"27":{"start":{"line":55,"column":4},"end":{"line":55,"column":null}},"28":{"start":{"line":57,"column":4},"end":{"line":57,"column":null}},"29":{"start":{"line":58,"column":4},"end":{"line":58,"column":null}},"30":{"start":{"line":61,"column":2},"end":{"line":76,"column":null}},"31":{"start":{"line":62,"column":17},"end":{"line":62,"column":null}},"32":{"start":{"line":63,"column":4},"end":{"line":63,"column":null}},"33":{"start":{"line":64,"column":4},"end":{"line":64,"column":null}},"34":{"start":{"line":65,"column":20},"end":{"line":65,"column":null}},"35":{"start":{"line":67,"column":4},"end":{"line":67,"column":null}},"36":{"start":{"line":69,"column":17},"end":{"line":69,"column":null}},"37":{"start":{"line":70,"column":4},"end":{"line":70,"column":null}},"38":{"start":{"line":71,"column":4},"end":{"line":71,"column":null}},"39":{"start":{"line":72,"column":4},"end":{"line":72,"column":null}},"40":{"start":{"line":74,"column":4},"end":{"line":74,"column":null}},"41":{"start":{"line":75,"column":4},"end":{"line":75,"column":null}},"42":{"start":{"line":78,"column":2},"end":{"line":90,"column":null}},"43":{"start":{"line":79,"column":17},"end":{"line":79,"column":null}},"44":{"start":{"line":81,"column":17},"end":{"line":81,"column":null}},"45":{"start":{"line":82,"column":22},"end":{"line":82,"column":null}},"46":{"start":{"line":84,"column":4},"end":{"line":84,"column":null}},"47":{"start":{"line":85,"column":4},"end":{"line":85,"column":null}},"48":{"start":{"line":87,"column":4},"end":{"line":87,"column":null}},"49":{"start":{"line":88,"column":4},"end":{"line":88,"column":null}},"50":{"start":{"line":89,"column":4},"end":{"line":89,"column":null}}},"fnMap":{"0":{"name":"(anonymous_0)","decl":{"start":{"line":15,"column":24},"end":{"line":15,"column":30}},"loc":{"start":{"line":15,"column":30},"end":{"line":91,"column":1}}},"1":{"name":"(anonymous_1)","decl":{"start":{"line":18,"column":12},"end":{"line":18,"column":18}},"loc":{"start":{"line":18,"column":18},"end":{"line":20,"column":3}}},"2":{"name":"(anonymous_2)","decl":{"start":{"line":22,"column":13},"end":{"line":22,"column":19}},"loc":{"start":{"line":22,"column":19},"end":{"line":24,"column":3}}},"3":{"name":"(anonymous_3)","decl":{"start":{"line":26,"column":12},"end":{"line":26,"column":18}},"loc":{"start":{"line":26,"column":18},"end":{"line":30,"column":3}}},"4":{"name":"(anonymous_4)","decl":{"start":{"line":32,"column":38},"end":{"line":32,"column":50}},"loc":{"start":{"line":32,"column":50},"end":{"line":43,"column":3}}},"5":{"name":"(anonymous_5)","decl":{"start":{"line":45,"column":53},"end":{"line":45,"column":65}},"loc":{"start":{"line":45,"column":65},"end":{"line":59,"column":3}}},"6":{"name":"(anonymous_6)","decl":{"start":{"line":61,"column":48},"end":{"line":61,"column":60}},"loc":{"start":{"line":61,"column":60},"end":{"line":76,"column":3}}},"7":{"name":"(anonymous_7)","decl":{"start":{"line":78,"column":49},"end":{"line":78,"column":61}},"loc":{"start":{"line":78,"column":61},"end":{"line":90,"column":3}}}},"branchMap":{},"s":{"0":1,"1":1,"2":1,"3":1,"4":1,"5":4,"6":1,"7":4,"8":4,"9":4,"10":1,"11":1,"12":1,"13":1,"14":1,"15":1,"16":1,"17":1,"18":1,"19":1,"20":1,"21":1,"22":1,"23":1,"24":1,"25":1,"26":1,"27":1,"28":1,"29":1,"30":1,"31":1,"32":1,"33":1,"34":1,"35":1,"36":1,"37":1,"38":1,"39":1,"40":1,"41":1,"42":1,"43":1,"44":1,"45":1,"46":1,"47":1,"48":1,"49":1,"50":1},"f":{"0":1,"1":1,"2":4,"3":4,"4":1,"5":1,"6":1,"7":1},"b":{}}
,"/Users/light/Desktop/projects/frontend-mentors/product-list-with-cart/tests/OrderHistory.spec.ts": {"path":"/Users/light/Desktop/projects/frontend-mentors/product-list-with-cart/tests/OrderHistory.spec.ts","statementMap":{"0":{"start":{"line":11,"column":0},"end":{"line":95,"column":null}},"1":{"start":{"line":12,"column":19},"end":{"line":25,"column":null}},"2":{"start":{"line":27,"column":2},"end":{"line":29,"column":null}},"3":{"start":{"line":28,"column":4},"end":{"line":28,"column":null}},"4":{"start":{"line":31,"column":2},"end":{"line":35,"column":null}},"5":{"start":{"line":32,"column":4},"end":{"line":34,"column":null}},"6":{"start":{"line":33,"column":6},"end":{"line":33,"column":null}},"7":{"start":{"line":37,"column":2},"end":{"line":41,"column":null}},"8":{"start":{"line":38,"column":4},"end":{"line":38,"column":null}},"9":{"start":{"line":39,"column":4},"end":{"line":39,"column":null}},"10":{"start":{"line":40,"column":4},"end":{"line":40,"column":null}},"11":{"start":{"line":43,"column":2},"end":{"line":48,"column":null}},"12":{"start":{"line":44,"column":4},"end":{"line":44,"column":null}},"13":{"start":{"line":45,"column":17},"end":{"line":45,"column":null}},"14":{"start":{"line":46,"column":4},"end":{"line":46,"column":null}},"15":{"start":{"line":47,"column":4},"end":{"line":47,"column":null}},"16":{"start":{"line":50,"column":2},"end":{"line":76,"column":null}},"17":{"start":{"line":51,"column":17},"end":{"line":51,"column":null}},"18":{"start":{"line":52,"column":4},"end":{"line":52,"column":null}},"19":{"start":{"line":54,"column":4},"end":{"line":75,"column":null}},"20":{"start":{"line":55,"column":25},"end":{"line":55,"column":null}},"21":{"start":{"line":56,"column":22},"end":{"line":56,"column":null}},"22":{"start":{"line":57,"column":6},"end":{"line":57,"column":null}},"23":{"start":{"line":59,"column":22},"end":{"line":59,"column":null}},"24":{"start":{"line":60,"column":6},"end":{"line":60,"column":null}},"25":{"start":{"line":62,"column":22},"end":{"line":62,"column":null}},"26":{"start":{"line":63,"column":6},"end":{"line":74,"column":null}},"27":{"start":{"line":64,"column":20},"end":{"line":64,"column":null}},"28":{"start":{"line":66,"column":28},"end":{"line":66,"column":null}},"29":{"start":{"line":67,"column":8},"end":{"line":67,"column":null}},"30":{"start":{"line":69,"column":30},"end":{"line":69,"column":null}},"31":{"start":{"line":70,"column":8},"end":{"line":70,"column":null}},"32":{"start":{"line":72,"column":29},"end":{"line":72,"column":null}},"33":{"start":{"line":73,"column":8},"end":{"line":73,"column":null}},"34":{"start":{"line":78,"column":2},"end":{"line":88,"column":null}},"35":{"start":{"line":79,"column":17},"end":{"line":79,"column":null}},"36":{"start":{"line":80,"column":4},"end":{"line":80,"column":null}},"37":{"start":{"line":82,"column":4},"end":{"line":82,"column":null}},"38":{"start":{"line":83,"column":19},"end":{"line":83,"column":null}},"39":{"start":{"line":84,"column":4},"end":{"line":84,"column":null}},"40":{"start":{"line":85,"column":4},"end":{"line":85,"column":null}},"41":{"start":{"line":87,"column":4},"end":{"line":87,"column":null}},"42":{"start":{"line":90,"column":2},"end":{"line":94,"column":null}},"43":{"start":{"line":91,"column":4},"end":{"line":91,"column":null}},"44":{"start":{"line":92,"column":4},"end":{"line":92,"column":null}},"45":{"start":{"line":93,"column":4},"end":{"line":93,"column":null}}},"fnMap":{"0":{"name":"(anonymous_0)","decl":{"start":{"line":11,"column":25},"end":{"line":11,"column":31}},"loc":{"start":{"line":11,"column":31},"end":{"line":95,"column":1}}},"1":{"name":"(anonymous_1)","decl":{"start":{"line":27,"column":12},"end":{"line":27,"column":18}},"loc":{"start":{"line":27,"column":18},"end":{"line":29,"column":3}}},"2":{"name":"(anonymous_2)","decl":{"start":{"line":31,"column":13},"end":{"line":31,"column":19}},"loc":{"start":{"line":31,"column":19},"end":{"line":35,"column":3}}},"3":{"name":"(anonymous_3)","decl":{"start":{"line":37,"column":12},"end":{"line":37,"column":18}},"loc":{"start":{"line":37,"column":18},"end":{"line":41,"column":3}}},"4":{"name":"(anonymous_4)","decl":{"start":{"line":43,"column":45},"end":{"line":43,"column":57}},"loc":{"start":{"line":43,"column":57},"end":{"line":48,"column":3}}},"5":{"name":"(anonymous_5)","decl":{"start":{"line":50,"column":51},"end":{"line":50,"column":63}},"loc":{"start":{"line":50,"column":63},"end":{"line":76,"column":3}}},"6":{"name":"(anonymous_6)","decl":{"start":{"line":78,"column":46},"end":{"line":78,"column":58}},"loc":{"start":{"line":78,"column":58},"end":{"line":88,"column":3}}},"7":{"name":"(anonymous_7)","decl":{"start":{"line":90,"column":57},"end":{"line":90,"column":69}},"loc":{"start":{"line":90,"column":69},"end":{"line":94,"column":3}}}},"branchMap":{},"s":{"0":1,"1":1,"2":1,"3":1,"4":1,"5":4,"6":8,"7":1,"8":4,"9":4,"10":4,"11":1,"12":1,"13":1,"14":1,"15":1,"16":1,"17":1,"18":1,"19":1,"20":2,"21":2,"22":2,"23":2,"24":2,"25":2,"26":2,"27":8,"28":8,"29":8,"30":8,"31":8,"32":8,"33":8,"34":1,"35":1,"36":1,"37":1,"38":1,"39":1,"40":1,"41":1,"42":1,"43":1,"44":1,"45":1},"f":{"0":1,"1":1,"2":4,"3":4,"4":1,"5":1,"6":1,"7":1},"b":{}}
}
